        -:    0:Source:bmi.c
        -:    0:Graph:bmi.gcno
        -:    0:Data:bmi.gcda
        -:    0:Runs:1
        -:    1:#include<stdio.h>
        -:    2:#include "unity.h"
        -:    3:#include "bodymassindex.h"
        -:    4:#include "gymdiet.h"
        -:    5:#include "underweight.h"
        -:    6:#include "overweight.h"
        -:    7:
        -:    8:
        3:    9:void setUp(void)
        -:   10:{
        -:   11:	
        3:   12:}
        3:   13:void tearDown(void)
        -:   14:{
        -:   15:	
        3:   16:}
        1:   17:void test_OverWeight()
        -:   18:{
        1:   19:	TEST_ASSERT_EQUAL(BodyMassIndex(80,5.1),31.00);
        1:   20:}
        1:   21:void test_UnderWeight()
        -:   22:{
        1:   23:	TEST_ASSERT_EQUAL(BodyMassIndex(50,5.9),16.00);
        1:   24:}
        1:   25:void test_BodyMassIndex()
        -:   26:{
        1:   27:	TEST_ASSERT_EQUAL(BodyMassIndex(60,5.9),20.00);
        1:   28:}
        -:   29:
        1:   30:int main()
        -:   31:{
        1:   32:    printf("WELCOME TO BODY MASS INDEX CALCULATOR AND FURTHER GUIDANCE\n\n");
        -:   33:    float weight;
        -:   34:    float height;
        1:   35:    printf("ENTER YOUR WEIGHT IN KGs =");
        1:   36:    scanf("%f",&weight);
        1:   37:    printf("ENTER YOUR HEIGHT IN FEETs =");
        1:   38:    scanf("%f",&height);
        1:   39:    float bmi = BodyMassIndex(weight,height);   
        -:   40:    
        1:   41:    printf("YOUR BODY MASS INDEX IS = %.2f\n\n",bmi);
        -:   42:    
        1:   43:   	 if(bmi<18)
        -:   44:    		{
        1:   45:     		underweight1();
        -:   46: 		}
    #####:   47: 	else if(bmi>25)
        -:   48: 		{
    #####:   49:  		overweight1();
        -:   50: 		}
        -:   51: 	else {
    #####:   52:  		printf("YOU ARE NORMAL\n");
    #####:   53:  		printf("YOU NEED TO MAINTAIN YOUR DIET\n\n");
    #####:   54:  		printf("YOU NEED NOT TO PAY ANYTHING\n\n");
        -:   55:   	} 
        -:   56:	
        -:   57:
        1:   58:UnityBegin("Unit_Testing");	
        1:   59:RUN_TEST(test_BodyMassIndex);
        1:   60:RUN_TEST(test_UnderWeight);
        1:   61:RUN_TEST(test_OverWeight);
        1:   62:return(UnityEnd());		
        -:   63:}
