        -:    0:Source:overweight.h
        -:    0:Graph:bmi.gcno
        -:    0:Data:bmi.gcda
        -:    0:Runs:1
        -:    1:#ifndef overweight
        -:    2:#define overweight
        -:    3:
    #####:    4:void overweight1()
        -:    5:{
    #####:    6: printf("YOU ARE OVERWEIGHT\n\n");
    #####:    7:  printf("YOU NEED TO LOOSE WEIGHT\n");
    #####:    8:  printf("CHOOSE FROM THE BELOW PLANS\n 1.JOIN GYM\n 2.BUY DIET PLAN\n 3.BOTH\n");
    #####:    9:  printf("YOUR CHOICE = \n");
        -:   10:  int choice;
    #####:   11:     scanf("%d",&choice);
    #####:   12:     if(choice==1)
        -:   13:  {
    #####:   14:       printf("DO YOU AGREE TO PAY 1000RS/MONTH FOR GYM\n PRESS 1 FOR YES AND 2 FOR NO THEN PRESS ENTER\n");
    #####:   15:       int gym_cost=1000;
        -:   16:       int s1;
    #####:   17:       scanf("%d",&s1);
    #####:   18:       if(s1==1)
        -:   19:    {
    #####:   20:        gymlist();
        -:   21:    }
    #####:   22:    else if(s1==2)
        -:   23:     {
    #####:   24:      printf("OOPS THESE ARE PAID SERVICES SORRY\n");
        -:   25:     }
        -:   26:    else
        -:   27:     {
    #####:   28:      printf("INVALID INPUT\n\n");
        -:   29:     }
        -:   30:       
        -:   31:  }
    #####:   32:     else if(choice==2)
        -:   33:    {
    #####:   34:        printf("ACCORDING TO YOUR BMI YOU NEED A GAINING DIET\n GAINING DIET FEES = 1000/DIET\n\n");
    #####:   35:        printf("DO YOU AGREE TO PAY 1000RS/DIET\n PRESS 1 FOR YES AND 2 FOR NO THEN PRESS ENTER\n");
        -:   36:        int s2;
    #####:   37:        scanf("%d",&s2);
    #####:   38:        if(s2==1)
        -:   39:      {
    #####:   40:         diet();
        -:   41:      }
    #####:   42:     else if(s2==2)
        -:   43:      {
    #####:   44:       printf("OOPS THESE ARE PAID SERVICES SORRY\n");
        -:   45:      }
        -:   46:       }
    #####:   47:     else if(choice==3)
        -:   48:     {
    #####:   49:       printf("DO YOU AGREE TO PAY 2000RS FOR BOTH GYM AND DIET PLAN\n PRESS 1 FOR YES AND 2 FOR NO THEN PRESS ENTER\n");
        -:   50:       int s3;
    #####:   51:       scanf("%d",&s3);
    #####:   52:       if(s3==1)
        -:   53:       {
    #####:   54:        gymlist();
    #####:   55:        diet();
        -:   56:       }
    #####:   57:       else if(s3==2)
        -:   58:      {
    #####:   59:       printf("OOPS THESE ARE PAID SERVICES SORRY\n");
        -:   60:      }
        -:   61:       
    #####:   62:       printf("TOTAL AMOUNT TO BE PAID = 2000RS\n\n");
        -:   63:     }
        -:   64:  else
        -:   65:    {
    #####:   66:     printf("INVALID INPUT\n\n");
        -:   67:    }
    #####:   68:}
        -:   69:#endif
