        -:    0:Source:underweight.h
        -:    0:Graph:bmi.gcno
        -:    0:Data:bmi.gcda
        -:    0:Runs:1
        -:    1:
        -:    2:#ifndef underweight
        -:    3:#define underweight
        -:    4:
        1:    5:void underweight1()
        -:    6:{
        1:    7: printf("YOU ARE UNDERWEIGHT\n\n");
        1:    8:     printf("YOU NEED TO GO ON GAINING DIET\n");
        1:    9:     printf("CHOOSE FROM THE BELOW PLANS\n 1.JOIN GYM\n 2.BUY DIET PLAN\n 3.BOTH\n");
        -:   10:     
        1:   11:     printf("YOUR CHOICE = ");
        -:   12:     int choice;
        1:   13:     scanf("%d",&choice);
        1:   14:     if(choice==1)
        -:   15:  {
        1:   16:       printf("DO YOU AGREE TO PAY 1000RS/MONTH FOR GYM\n PRESS 1 FOR YES AND 2 FOR NO THEN PRESS ENTER\n");
        1:   17:       int gym_cost=1000;
        -:   18:       int s1;
        1:   19:       scanf("%d",&s1);
        1:   20:       if(s1==1)
        -:   21:    {
        1:   22:        gymlist();
        -:   23:    }
    #####:   24:    else if(s1==2)
        -:   25:     {
    #####:   26:      printf("OOPS THESE ARE PAID SERVICES SORRY\n");
        -:   27:     }
        -:   28:    else
        -:   29:     {
    #####:   30:      printf("INVALID INPUT\n\n");
        -:   31:     }
        -:   32:       
        -:   33:  }
    #####:   34:     else if(choice==2)
        -:   35:    {
    #####:   36:        printf("ACCORDING TO YOUR BMI YOU NEED A GAINING DIET\n GAINING DIET FEES = 1000/DIET\n\n");
    #####:   37:        printf("DO YOU AGREE TO PAY 1000RS/DIET\n PRESS 1 FOR YES AND 2 FOR NO THEN PRESS ENTER\n");
        -:   38:        int s2;
    #####:   39:        scanf("%d",&s2);
    #####:   40:        if(s2==1)
        -:   41:      {
    #####:   42:         diet();
        -:   43:      }
    #####:   44:     else if(s2==2)
        -:   45:      {
    #####:   46:       printf("OOPS THESE ARE PAID SERVICES SORRY\n\n");
        -:   47:      }
        -:   48:       }
    #####:   49:     else if(choice==3)
        -:   50:     {
    #####:   51:       printf("DO YOU AGREE TO PAY 2000RS FOR BOTH GYM AND DIET PLAN\n PRESS 1 FOR YES AND 2 FOR NO THEN PRESS ENTER\n");
        -:   52:       int s3;
    #####:   53:       scanf("%d",&s3);
    #####:   54:       if(s3==1)
        -:   55:       {
    #####:   56:        gymlist();
    #####:   57:        diet();
        -:   58:       }
    #####:   59:       else if(s3==2)
        -:   60:      {
    #####:   61:       printf("OOPS THESE ARE PAID SERVICES SORRY\n");
        -:   62:      }
        -:   63:       
    #####:   64:       printf("TOTAL AMOUNT TO BE PAID = 2000RS\n\n");
        -:   65:     }
        -:   66:  else
        -:   67:    {
    #####:   68:     printf("INVALID INPUT\n\n");
        -:   69:    }  
        1:   70:}
        -:   71:#endif
